<?xml version="1.0" encoding="UTF-8"?>
<!-- Generated by org.testng.reporters.JUnitXMLReporter -->
<testsuite ignored="0" hostname="LAP-SHWETAK" failures="1" tests="1" name="Default test(failed)" time="17.642" errors="0" timestamp="2021-05-18T18:39:33 IST">
  <testcase classname="Base.LoginTc" name="@AfterMethod verifyResult" time="0.132">
    <failure type="java.lang.NullPointerException" message="Cannot invoke &amp;quot;TestCases.Dashboard.verifyDashboardPage()&amp;quot; because &amp;quot;Base.LoginTc.dashboard&amp;quot; is null">
      <![CDATA[java.lang.NullPointerException: Cannot invoke "TestCases.Dashboard.verifyDashboardPage()" because "Base.LoginTc.dashboard" is null
at Base.LoginTc.ValidResult(LoginTc.java:82)
at Base.LoginTc.verifyResult(LoginTc.java:68)
at java.base/java.util.ArrayList.forEach(ArrayList.java:1511)
... Removed 32 stack frames]]>
    </failure>
  </testcase> <!-- @AfterMethod verifyResult -->
  <testcase classname="Base.LoginTc" name="testc" time="16.174">
    <failure type="java.lang.NullPointerException" message="Cannot invoke &amp;quot;org.openqa.selenium.WebElement.sendKeys(java.lang.CharSequence[])&amp;quot; because &amp;quot;this.EmailId&amp;quot; is null">
      <![CDATA[java.lang.NullPointerException: Cannot invoke "org.openqa.selenium.WebElement.sendKeys(java.lang.CharSequence[])" because "this.EmailId" is null
at TestCases.Login.EmailIdValue(Login.java:33)
at TestCases.Login.login(Login.java:58)
at Base.LoginTc.testc(LoginTc.java:60)
at java.base/java.util.ArrayList.forEach(ArrayList.java:1511)
... Removed 27 stack frames]]>
    </failure>
  </testcase> <!-- testc -->
</testsuite> <!-- Default test(failed) -->
